Determining if the function sgemm_ exists failed with the following output:
Change Dir: /home/mfauss/Nextcloud/Documents/Princeton/Conferences/ICASSP_2020/Tutorial/Code/RobustDetection/Multiple_Hypotheses/C_Implementation/build/CMakeFiles/CMakeTmp

Run Build Command(s):/usr/bin/gmake cmTC_98e4a/fast && /usr/bin/gmake -f CMakeFiles/cmTC_98e4a.dir/build.make CMakeFiles/cmTC_98e4a.dir/build
gmake[1]: Entering directory '/home/mfauss/Nextcloud/Documents/Princeton/Conferences/ICASSP_2020/Tutorial/Code/RobustDetection/Multiple_Hypotheses/C_Implementation/build/CMakeFiles/CMakeTmp'
Building C object CMakeFiles/cmTC_98e4a.dir/CheckFunctionExists.c.o
/usr/bin/cc   -DCHECK_FUNCTION_EXISTS=sgemm_   -o CMakeFiles/cmTC_98e4a.dir/CheckFunctionExists.c.o   -c /usr/share/cmake/Modules/CheckFunctionExists.c
Linking C executable cmTC_98e4a
/usr/bin/cmake -E cmake_link_script CMakeFiles/cmTC_98e4a.dir/link.txt --verbose=1
/usr/bin/cc  -DCHECK_FUNCTION_EXISTS=sgemm_    CMakeFiles/cmTC_98e4a.dir/CheckFunctionExists.c.o  -o cmTC_98e4a 
/usr/bin/ld: CMakeFiles/cmTC_98e4a.dir/CheckFunctionExists.c.o: in function `main':
CheckFunctionExists.c:(.text+0x10): undefined reference to `sgemm_'
collect2: error: ld returned 1 exit status
gmake[1]: *** [CMakeFiles/cmTC_98e4a.dir/build.make:104: cmTC_98e4a] Error 1
gmake[1]: Leaving directory '/home/mfauss/Nextcloud/Documents/Princeton/Conferences/ICASSP_2020/Tutorial/Code/RobustDetection/Multiple_Hypotheses/C_Implementation/build/CMakeFiles/CMakeTmp'
gmake: *** [Makefile:138: cmTC_98e4a/fast] Error 2



Performing C SOURCE FILE Test CMAKE_HAVE_LIBC_PTHREAD failed with the following output:
Change Dir: /home/mfauss/Nextcloud/Documents/Princeton/Conferences/ICASSP_2020/Tutorial/Code/RobustDetection/Multiple_Hypotheses/C_Implementation/build/CMakeFiles/CMakeTmp

Run Build Command(s):/usr/bin/gmake cmTC_5d42c/fast && /usr/bin/gmake -f CMakeFiles/cmTC_5d42c.dir/build.make CMakeFiles/cmTC_5d42c.dir/build
gmake[1]: Entering directory '/home/mfauss/Nextcloud/Documents/Princeton/Conferences/ICASSP_2020/Tutorial/Code/RobustDetection/Multiple_Hypotheses/C_Implementation/build/CMakeFiles/CMakeTmp'
Building C object CMakeFiles/cmTC_5d42c.dir/src.c.o
/usr/bin/cc   -DCMAKE_HAVE_LIBC_PTHREAD   -o CMakeFiles/cmTC_5d42c.dir/src.c.o   -c /home/mfauss/Nextcloud/Documents/Princeton/Conferences/ICASSP_2020/Tutorial/Code/RobustDetection/Multiple_Hypotheses/C_Implementation/build/CMakeFiles/CMakeTmp/src.c
Linking C executable cmTC_5d42c
/usr/bin/cmake -E cmake_link_script CMakeFiles/cmTC_5d42c.dir/link.txt --verbose=1
/usr/bin/cc  -DCMAKE_HAVE_LIBC_PTHREAD    CMakeFiles/cmTC_5d42c.dir/src.c.o  -o cmTC_5d42c 
/usr/bin/ld: CMakeFiles/cmTC_5d42c.dir/src.c.o: in function `main':
src.c:(.text+0x2d): undefined reference to `pthread_create'
/usr/bin/ld: src.c:(.text+0x39): undefined reference to `pthread_detach'
/usr/bin/ld: src.c:(.text+0x45): undefined reference to `pthread_cancel'
/usr/bin/ld: src.c:(.text+0x56): undefined reference to `pthread_join'
collect2: error: ld returned 1 exit status
gmake[1]: *** [CMakeFiles/cmTC_5d42c.dir/build.make:104: cmTC_5d42c] Error 1
gmake[1]: Leaving directory '/home/mfauss/Nextcloud/Documents/Princeton/Conferences/ICASSP_2020/Tutorial/Code/RobustDetection/Multiple_Hypotheses/C_Implementation/build/CMakeFiles/CMakeTmp'
gmake: *** [Makefile:138: cmTC_5d42c/fast] Error 2


Source file was:
#include <pthread.h>

void* test_func(void* data)
{
  return data;
}

int main(void)
{
  pthread_t thread;
  pthread_create(&thread, NULL, test_func, NULL);
  pthread_detach(thread);
  pthread_cancel(thread);
  pthread_join(thread, NULL);
  pthread_atfork(NULL, NULL, NULL);
  pthread_exit(NULL);

  return 0;
}

Determining if the function pthread_create exists in the pthreads failed with the following output:
Change Dir: /home/mfauss/Nextcloud/Documents/Princeton/Conferences/ICASSP_2020/Tutorial/Code/RobustDetection/Multiple_Hypotheses/C_Implementation/build/CMakeFiles/CMakeTmp

Run Build Command(s):/usr/bin/gmake cmTC_ae9d4/fast && /usr/bin/gmake -f CMakeFiles/cmTC_ae9d4.dir/build.make CMakeFiles/cmTC_ae9d4.dir/build
gmake[1]: Entering directory '/home/mfauss/Nextcloud/Documents/Princeton/Conferences/ICASSP_2020/Tutorial/Code/RobustDetection/Multiple_Hypotheses/C_Implementation/build/CMakeFiles/CMakeTmp'
Building C object CMakeFiles/cmTC_ae9d4.dir/CheckFunctionExists.c.o
/usr/bin/cc   -DCHECK_FUNCTION_EXISTS=pthread_create   -o CMakeFiles/cmTC_ae9d4.dir/CheckFunctionExists.c.o   -c /usr/share/cmake/Modules/CheckFunctionExists.c
Linking C executable cmTC_ae9d4
/usr/bin/cmake -E cmake_link_script CMakeFiles/cmTC_ae9d4.dir/link.txt --verbose=1
/usr/bin/cc  -DCHECK_FUNCTION_EXISTS=pthread_create    CMakeFiles/cmTC_ae9d4.dir/CheckFunctionExists.c.o  -o cmTC_ae9d4  -lpthreads 
/usr/bin/ld: cannot find -lpthreads
collect2: error: ld returned 1 exit status
gmake[1]: *** [CMakeFiles/cmTC_ae9d4.dir/build.make:104: cmTC_ae9d4] Error 1
gmake[1]: Leaving directory '/home/mfauss/Nextcloud/Documents/Princeton/Conferences/ICASSP_2020/Tutorial/Code/RobustDetection/Multiple_Hypotheses/C_Implementation/build/CMakeFiles/CMakeTmp'
gmake: *** [Makefile:138: cmTC_ae9d4/fast] Error 2



